This is pdfTeX, Version 3.141592653-2.6-1.40.25 (TeX Live 2023/Debian) (preloaded format=latex 2025.2.10)  28 FEB 2025 11:50
entering extended mode
 restricted \write18 enabled.
 %&-line parsing enabled.
**analysis
(./analysis.tex
LaTeX2e <2023-11-01> patch level 1
L3 programming layer <2024-01-22>
(/usr/share/texlive/texmf-dist/tex/latex/base/article.cls
Document Class: article 2023/05/17 v1.4n Standard LaTeX document class
(/usr/share/texlive/texmf-dist/tex/latex/base/size10.clo
File: size10.clo 2023/05/17 v1.4n Standard LaTeX file (size option)
)
\c@part=\count187
\c@section=\count188
\c@subsection=\count189
\c@subsubsection=\count190
\c@paragraph=\count191
\c@subparagraph=\count192
\c@figure=\count193
\c@table=\count194
\abovecaptionskip=\skip48
\belowcaptionskip=\skip49
\bibindent=\dimen140
)
(/usr/share/texlive/texmf-dist/tex/latex/preprint/fullpage.sty
Package: fullpage 1999/02/23 1.1 (PWD)
\FP@margin=\skip50
)

! LaTeX Error: File `html.sty' not found.

Type X to quit or <RETURN> to proceed,
or enter new name. (Default extension: sty)

Enter file name: 
(/usr/share/texlive/texmf-dist/tex/latex/graphics/epsfig.sty
Package: epsfig 2017/06/25 v1.7b (e)psfig emulation (SPQR)

(/usr/share/texlive/texmf-dist/tex/latex/graphics/graphicx.sty
Package: graphicx 2021/09/16 v1.2d Enhanced LaTeX Graphics (DPC,SPQR)

(/usr/share/texlive/texmf-dist/tex/latex/graphics/keyval.sty
Package: keyval 2022/05/29 v1.15 key=value parser (DPC)
\KV@toks@=\toks17
)
(/usr/share/texlive/texmf-dist/tex/latex/graphics/graphics.sty
Package: graphics 2022/03/10 v1.4e Standard LaTeX Graphics (DPC,SPQR)

(/usr/share/texlive/texmf-dist/tex/latex/graphics/trig.sty
Package: trig 2021/08/11 v1.11 sin cos tan (DPC)
)
(/usr/share/texlive/texmf-dist/tex/latex/graphics-cfg/graphics.cfg
File: graphics.cfg 2016/06/04 v1.11 sample graphics configuration
)
Package graphics Info: Driver file: dvips.def on input line 107.

(/usr/share/texlive/texmf-dist/tex/latex/graphics-def/dvips.def
File: dvips.def 2022/09/22 v3.1e Graphics/color driver for dvips
))
\Gin@req@height=\dimen141
\Gin@req@width=\dimen142
)
\epsfxsize=\dimen143
\epsfysize=\dimen144
)
(/usr/share/texlive/texmf-dist/tex/latex/l3backend/l3backend-dvips.def
File: l3backend-dvips.def 2024-01-04 L3 backend support: dvips
\l__pdf_internal_box=\box51
\g__pdf_backend_object_int=\count195
\l__pdf_backend_content_box=\box52
\l__pdf_backend_model_box=\box53
\g__pdf_backend_annotation_int=\count196
\g__pdf_backend_link_int=\count197
\g__pdf_backend_link_sf_int=\count198
)
(./analysis.aux)
\openout1 = `analysis.aux'.

LaTeX Font Info:    Checking defaults for OML/cmm/m/it on input line 10.
LaTeX Font Info:    ... okay on input line 10.
LaTeX Font Info:    Checking defaults for OMS/cmsy/m/n on input line 10.
LaTeX Font Info:    ... okay on input line 10.
LaTeX Font Info:    Checking defaults for OT1/cmr/m/n on input line 10.
LaTeX Font Info:    ... okay on input line 10.
LaTeX Font Info:    Checking defaults for T1/cmr/m/n on input line 10.
LaTeX Font Info:    ... okay on input line 10.
LaTeX Font Info:    Checking defaults for TS1/cmr/m/n on input line 10.
LaTeX Font Info:    ... okay on input line 10.
LaTeX Font Info:    Checking defaults for OMX/cmex/m/n on input line 10.
LaTeX Font Info:    ... okay on input line 10.
LaTeX Font Info:    Checking defaults for U/cmr/m/n on input line 10.
LaTeX Font Info:    ... okay on input line 10.
LaTeX Font Info:    External font `cmex10' loaded for size
(Font)              <12> on input line 12.
LaTeX Font Info:    External font `cmex10' loaded for size
(Font)              <8> on input line 12.
LaTeX Font Info:    External font `cmex10' loaded for size
(Font)              <6> on input line 12.

! Undefined control sequence.
\@author ->Patrick Lam (\htmladdnormallink 
                                           {plam@sable.mcgill.ca)}{mailto:pl...
l.12 \maketitle
               
? 
! Undefined control sequence.
l.15 are at \htmladdnormallink
                              {http://www.sable.mcgill.ca/soot/notes}{http:/...

? 

Overfull \hbox (145.30176pt too wide) in paragraph at lines 14--16
[]\OT1/cmr/m/n/10 Slides from a talk on the Soot flow anal-y-sis frame-work are
 at http://www.sable.mcgill.ca/soot/noteshttp://www.sable.mcgill.ca/soot/notes.
 
 []

[1

]
! Undefined control sequence.
l.98 example showing \htmladdnormallink
                                       {how to create a class from scratch}
? 

Overfull \hbox (3.00673pt too wide) in paragraph at lines 112--114
[]\OT1/cmr/m/n/10 Given a \OT1/cmtt/m/n/10 Body\OT1/cmr/m/n/10 , say \OT1/cmtt/
m/n/10 b\OT1/cmr/m/n/10 , we can cre-ate a \OT1/cmtt/m/n/10 ExceptionalUnitGrap
h \OT1/cmr/m/n/10 by in-vok-ing \OT1/cmtt/m/n/10 new ExceptionalUnitGraph(b)\OT
1/cmr/m/n/10 . 
 []

[2]
LaTeX Font Info:    External font `cmex10' loaded for size
(Font)              <7> on input line 166.
LaTeX Font Info:    External font `cmex10' loaded for size
(Font)              <5> on input line 166.
 [3]
! Undefined control sequence.
l.259 \htmladdnormallink
                        {document about phase
? 
[4] [5] [6] [7] [8] (./analysis.aux)
 ***********
LaTeX2e <2023-11-01> patch level 1
L3 programming layer <2024-01-22>
 ***********
 ) 
Here is how much of TeX's memory you used:
 970 strings out of 474223
 16837 string characters out of 5748759
 1937972 words of memory out of 5000000
 23265 multiletter control sequences out of 15000+600000
 563173 words of font info for 53 fonts, out of 8000000 for 9000
 1141 hyphenation exceptions out of 8191
 72i,6n,79p,196b,274s stack positions out of 10000i,1000n,20000p,200000b,200000s

Output written on analysis.dvi (8 pages, 17168 bytes).
