This is pdfTeX, Version 3.141592653-2.6-1.40.25 (TeX Live 2023/Debian) (preloaded format=latex 2025.2.10)  28 FEB 2025 11:50
entering extended mode
 restricted \write18 enabled.
 %&-line parsing enabled.
**createclass
(./createclass.tex
LaTeX2e <2023-11-01> patch level 1
L3 programming layer <2024-01-22>
(/usr/share/texlive/texmf-dist/tex/latex/base/article.cls
Document Class: article 2023/05/17 v1.4n Standard LaTeX document class
(/usr/share/texlive/texmf-dist/tex/latex/base/size10.clo
File: size10.clo 2023/05/17 v1.4n Standard LaTeX file (size option)
)
\c@part=\count187
\c@section=\count188
\c@subsection=\count189
\c@subsubsection=\count190
\c@paragraph=\count191
\c@subparagraph=\count192
\c@figure=\count193
\c@table=\count194
\abovecaptionskip=\skip48
\belowcaptionskip=\skip49
\bibindent=\dimen140
)
(/usr/share/texlive/texmf-dist/tex/latex/preprint/fullpage.sty
Package: fullpage 1999/02/23 1.1 (PWD)
\FP@margin=\skip50
)

! LaTeX Error: File `html.sty' not found.

Type X to quit or <RETURN> to proceed,
or enter new name. (Default extension: sty)

Enter file name: 
(/usr/share/texlive/texmf-dist/tex/latex/l3backend/l3backend-dvips.def
File: l3backend-dvips.def 2024-01-04 L3 backend support: dvips
\l__pdf_internal_box=\box51
\g__pdf_backend_object_int=\count195
\l__pdf_backend_content_box=\box52
\l__pdf_backend_model_box=\box53
\g__pdf_backend_annotation_int=\count196
\g__pdf_backend_link_int=\count197
\g__pdf_backend_link_sf_int=\count198
)
(./createclass.aux)
\openout1 = `createclass.aux'.

LaTeX Font Info:    Checking defaults for OML/cmm/m/it on input line 14.
LaTeX Font Info:    ... okay on input line 14.
LaTeX Font Info:    Checking defaults for OMS/cmsy/m/n on input line 14.
LaTeX Font Info:    ... okay on input line 14.
LaTeX Font Info:    Checking defaults for OT1/cmr/m/n on input line 14.
LaTeX Font Info:    ... okay on input line 14.
LaTeX Font Info:    Checking defaults for T1/cmr/m/n on input line 14.
LaTeX Font Info:    ... okay on input line 14.
LaTeX Font Info:    Checking defaults for TS1/cmr/m/n on input line 14.
LaTeX Font Info:    ... okay on input line 14.
LaTeX Font Info:    Checking defaults for OMX/cmex/m/n on input line 14.
LaTeX Font Info:    ... okay on input line 14.
LaTeX Font Info:    Checking defaults for U/cmr/m/n on input line 14.
LaTeX Font Info:    ... okay on input line 14.
LaTeX Font Info:    External font `cmex10' loaded for size
(Font)              <12> on input line 16.
LaTeX Font Info:    External font `cmex10' loaded for size
(Font)              <8> on input line 16.
LaTeX Font Info:    External font `cmex10' loaded for size
(Font)              <6> on input line 16.

! Undefined control sequence.
\@author ->Feng Qian (\htmladdnormallink 
                                         {fqian@sable.mcgill.ca}{mailto:fqia...
l.16 \maketitle
               
? 
! Undefined control sequence.
\@author ...}) \\ Patrick Lam (\htmladdnormallink 
                                                  {plam@sable.mcgill.ca}{mai...
l.16 \maketitle
               
? 
! Undefined control sequence.
\@author ...}) \\ Chris Goard (\htmladdnormallink 
                                                  {cgoard@sable.mcgill.ca}{m...
l.16 \maketitle
               
? 
[1

] [2]
Overfull \hbox (13.24077pt too wide) in paragraph at lines 238--238
[]    \OT1/cmtt/m/n/10 String fileName = SourceLocator.v().getFileNameFor(sClas
s, Options.output_format_class);[] 
 []

[3]
Overfull \hbox (18.49072pt too wide) in paragraph at lines 261--261
[]    \OT1/cmtt/m/n/10 String fileName = SourceLocator.v().getFileNameFor(sClas
s, Options.output_format_jimple);[] 
 []

! Undefined control sequence.
l.297  \htmladdnormallink
                         {\tt http://www.sable.mcgill.ca/soot/tutorial/creat...

? 
[4] [5]
Overfull \hbox (2.74086pt too wide) in paragraph at lines 422--422
[]                \OT1/cmtt/m/n/10 Arrays.asList(new Type[] {ArrayType.v(RefTyp
e.v("java.lang.String"), 1)}),[] 
 []


Overfull \hbox (28.99063pt too wide) in paragraph at lines 422--422
[]                \OT1/cmtt/m/n/10 arg = Jimple.v().newLocal("l0", ArrayType.v(
RefType.v("java.lang.String"), 1));[] 
 []


Overfull \hbox (55.2404pt too wide) in paragraph at lines 422--422
[]                     \OT1/cmtt/m/n/10 Jimple.v().newParameterRef(ArrayType.v(
RefType.v("java.lang.String"), 1), 0)));[] 
 []


Overfull \hbox (49.99045pt too wide) in paragraph at lines 422--422
[]                    \OT1/cmtt/m/n/10 Scene.v().getField("<java.lang.System: j
ava.io.PrintStream out>").makeRef())));[] 
 []


Overfull \hbox (123.4898pt too wide) in paragraph at lines 422--422
[]                \OT1/cmtt/m/n/10 SootMethod toCall = Scene.v().getMethod("<ja
va.io.PrintStream: void println(java.lang.String)>");[] 
 []


Overfull \hbox (291.48834pt too wide) in paragraph at lines 422--422
[]                \OT1/cmtt/m/n/10 units.add(Jimple.v().newInvokeStmt(Jimple.v(
).newVirtualInvokeExpr(tmpRef, toCall.makeRef(), StringConstant.v("Hello world!
"))));[] 
 []

[6]
Overfull \hbox (34.24059pt too wide) in paragraph at lines 422--422
[]        \OT1/cmtt/m/n/10 String fileName = SourceLocator.v().getFileNameFor(s
Class, Options.output_format_class);[] 
 []

[7] (./createclass.aux)
 ***********
LaTeX2e <2023-11-01> patch level 1
L3 programming layer <2024-01-22>
 ***********
 ) 
Here is how much of TeX's memory you used:
 514 strings out of 474223
 9895 string characters out of 5748759
 1938972 words of memory out of 5000000
 22831 multiletter control sequences out of 15000+600000
 563511 words of font info for 55 fonts, out of 8000000 for 9000
 1141 hyphenation exceptions out of 8191
 35i,6n,50p,179b,274s stack positions out of 10000i,1000n,20000p,200000b,200000s

Output written on createclass.dvi (7 pages, 17784 bytes).
