This is pdfTeX, Version 3.141592653-2.6-1.40.25 (TeX Live 2023/Debian) (preloaded format=latex 2025.2.10)  28 FEB 2025 11:50
entering extended mode
 restricted \write18 enabled.
 %&-line parsing enabled.
**addattributes
(./addattributes.tex
LaTeX2e <2023-11-01> patch level 1
L3 programming layer <2024-01-22>
(/usr/share/texlive/texmf-dist/tex/latex/base/article.cls
Document Class: article 2023/05/17 v1.4n Standard LaTeX document class
(/usr/share/texlive/texmf-dist/tex/latex/base/size10.clo
File: size10.clo 2023/05/17 v1.4n Standard LaTeX file (size option)
)
\c@part=\count187
\c@section=\count188
\c@subsection=\count189
\c@subsubsection=\count190
\c@paragraph=\count191
\c@subparagraph=\count192
\c@figure=\count193
\c@table=\count194
\abovecaptionskip=\skip48
\belowcaptionskip=\skip49
\bibindent=\dimen140
)
(/usr/share/texlive/texmf-dist/tex/latex/preprint/fullpage.sty
Package: fullpage 1999/02/23 1.1 (PWD)
\FP@margin=\skip50
)

! LaTeX Error: File `html.sty' not found.

Type X to quit or <RETURN> to proceed,
or enter new name. (Default extension: sty)

Enter file name: 
(/usr/share/texlive/texmf-dist/tex/latex/l3backend/l3backend-dvips.def
File: l3backend-dvips.def 2024-01-04 L3 backend support: dvips
\l__pdf_internal_box=\box51
\g__pdf_backend_object_int=\count195
\l__pdf_backend_content_box=\box52
\l__pdf_backend_model_box=\box53
\g__pdf_backend_annotation_int=\count196
\g__pdf_backend_link_int=\count197
\g__pdf_backend_link_sf_int=\count198
)
(./addattributes.aux)
\openout1 = `addattributes.aux'.

LaTeX Font Info:    Checking defaults for OML/cmm/m/it on input line 7.
LaTeX Font Info:    ... okay on input line 7.
LaTeX Font Info:    Checking defaults for OMS/cmsy/m/n on input line 7.
LaTeX Font Info:    ... okay on input line 7.
LaTeX Font Info:    Checking defaults for OT1/cmr/m/n on input line 7.
LaTeX Font Info:    ... okay on input line 7.
LaTeX Font Info:    Checking defaults for T1/cmr/m/n on input line 7.
LaTeX Font Info:    ... okay on input line 7.
LaTeX Font Info:    Checking defaults for TS1/cmr/m/n on input line 7.
LaTeX Font Info:    ... okay on input line 7.
LaTeX Font Info:    Checking defaults for OMX/cmex/m/n on input line 7.
LaTeX Font Info:    ... okay on input line 7.
LaTeX Font Info:    Checking defaults for U/cmr/m/n on input line 7.
LaTeX Font Info:    ... okay on input line 7.
LaTeX Font Info:    External font `cmex10' loaded for size
(Font)              <12> on input line 14.
LaTeX Font Info:    External font `cmex10' loaded for size
(Font)              <8> on input line 14.
LaTeX Font Info:    External font `cmex10' loaded for size
(Font)              <6> on input line 14.

! Undefined control sequence.
\@author ->Feng Qian (\htmladdnormallink 
                                         {fqian@sable.mcgill.ca} {mailto:fqi...
l.14 \maketitle
               
? 
! Undefined control sequence.
\@author ...a})\\ Patrick Lam (\htmladdnormallink 
                                                  {plam@sable.mcgill.ca} {ma...
l.14 \maketitle
               
? 
! Undefined control sequence.
l.24 \htmladdnormallink
                       {tutorials}{http://www.sable.mcgill.ca/soot/tutorial}
? 
! Undefined control sequence.
l.30 ... in our CASCON paper, ``\htmladdnormallink
                                                  {A Framework for
? 
[1

] [2]
Overfull \hbox (13.262pt too wide) in paragraph at lines 203--209
\OT1/cmr/m/n/10 tached to units, a \OT1/cmtt/m/n/10 TagAggregator \OT1/cmr/m/n/
10 is used to com-bine them. \OT1/cmtt/m/n/10 TagAggregator\OT1/cmr/m/n/10 s ar
e in-stances of \OT1/cmtt/m/n/10 BodyTransformer\OT1/cmr/m/n/10 s,
 []


Overfull \hbox (48.67873pt too wide) in paragraph at lines 211--215
\OT1/cmr/m/n/10 am-ple of adding a method at-tribute via \OT1/cmtt/m/n/10 Gener
icAttribute\OT1/cmr/m/n/10 . The code can be found in \OT1/cmtt/m/n/10 ashes.ex
amples.addattributes\OT1/cmr/m/n/10 .
 []

[3]
! Undefined control sequence.
l.216 \htmladdnormallink
                        {\tt http://www.sable.mcgill.ca/soot/tutorial/addatt...

? 
[4] [5] [6] [7] [8] [9] (./addattributes.aux)
 ***********
LaTeX2e <2023-11-01> patch level 1
L3 programming layer <2024-01-22>
 ***********
 ) 
Here is how much of TeX's memory you used:
 509 strings out of 474223
 9903 string characters out of 5748759
 1935972 words of memory out of 5000000
 22828 multiletter control sequences out of 15000+600000
 562520 words of font info for 51 fonts, out of 8000000 for 9000
 1141 hyphenation exceptions out of 8191
 35i,6n,50p,166b,272s stack positions out of 10000i,1000n,20000p,200000b,200000s

Output written on addattributes.dvi (9 pages, 20936 bytes).
